<?xml version="1.0" encoding="UTF-8"?>
<!-- Generated by org.testng.reporters.JUnitXMLReporter -->
<testsuite hostname="DESKTOP-DVEOUHU" ignored="0" name="Default test" tests="11" failures="0" timestamp="30 May 2019 04:32:25 GMT" time="16.597" errors="0">
  <testcase name="register" time="0.799" classname="Guru99.Guru99"/>
  <testcase name="title" time="0.125" classname="Guru99.Guru99"/>
  <testcase name="FirstName" time="0.108" classname="Guru99.Guru99"/>
  <testcase name="surName" time="0.071" classname="Guru99.Guru99"/>
  <testcase name="year" time="0.068" classname="Guru99.Guru99"/>
  <testcase name="month" time="0.133" classname="Guru99.Guru99"/>
  <testcase name="day" time="0.097" classname="Guru99.Guru99"/>
  <testcase name="radiBTN" time="0.046" classname="Guru99.Guru99"/>
  <testcase name="create" time="1.273" classname="Guru99.Guru99"/>
  <testcase name="selenium" time="0.202" classname="Guru99.Guru99"/>
  <testcase name="yahoo" time="0.032" classname="Guru99.Guru99"/>
</testsuite> <!-- Default test -->
